0 info it worked if it ends with ok
1 verbose cli [ 'node', '/usr/local/bin/ynpm', 'link', 'react-i13n-ga' ]
2 silly now Wed May 27 2015 13:48:38 GMT-0700 (PDT)
3 silly hostname theypossible-lm
4 silly platform darwin
5 silly arch x64
6 silly release 13.1.0
7 silly node { http_parser: '1.0',
7 silly node   node: '0.10.28',
7 silly node   v8: '3.14.5.9',
7 silly node   ares: '1.9.0-DEV',
7 silly node   uv: '0.10.27',
7 silly node   zlib: '1.2.3',
7 silly node   modules: '11',
7 silly node   openssl: '1.0.1g',
7 silly node   ynpm: '3.0.26',
7 silly node   npm: '2.5.1' }
8 info using ynpm@3.0.26
9 info using npm@2.5.1
10 info using node@v0.10.28
11 silly conf { argv:
11 silly conf    { remain: [ 'link', 'react-i13n-ga' ],
11 silly conf      cooked: [ 'link', 'react-i13n-ga' ],
11 silly conf      original: [ 'link', 'react-i13n-ga' ] } }
12 silly argv undefined
13 silly looking for command:  install
14 silly found proxy command for install
15 silly looking for command:  link
16 silly found proxy command for link
17 info loading ynpm link override method
18 info attempt registry request try #1 at 13:48:39
19 warn whitelist bypass header added
20 http GET http://ynpm-registry.corp.yahoo.com/react-i13n-ga
21 http 404 http://ynpm-registry.corp.yahoo.com/react-i13n-ga
22 silly registry.get cb [ 404,
22 silly registry.get   { 'x-frame-options': 'SAMEORIGIN',
22 silly registry.get     'x-content-type-options': 'nosniff',
22 silly registry.get     'x-xss-protection': '1; mode=block',
22 silly registry.get     'cache-control': 'no-store, no-cache, must-revalidate',
22 silly registry.get     expires: '0',
22 silly registry.get     'whitelist-bypassed': 'yes',
22 silly registry.get     date: 'Wed, 27 May 2015 20:48:25 GMT',
22 silly registry.get     'windjammer-hostname': 'pprd1-node6-lh3.manhattan.corp.gq1.yahoo.com',
22 silly registry.get     'windjammer-internal': 'no',
22 silly registry.get     'windjammer-external': 'no',
22 silly registry.get     'content-type': 'text/plain',
22 silly registry.get     server: 'ATS',
22 silly registry.get     'set-cookie': [ 'B=fdltlh5amcbcp&b=3&s=c4; expires=Wed, 27-May-2017 20:48:25 GMT; path=/; domain=.yahoo.com' ],
22 silly registry.get     age: '0',
22 silly registry.get     'transfer-encoding': 'chunked',
22 silly registry.get     connection: 'keep-alive' } ]
23 info command completed in: 0.956 seconds
24 info Fixing package.json /Users/kaesonho/works/package.json
25 verbose stack Error: 404 Not Found: react-i13n-ga
25 verbose stack     at RegClient.<anonymous> (/usr/local/lib/node_modules/ynpm/node_modules/ynpm-registry-client/lib/request.js:283:14)
25 verbose stack     at RegClient.<anonymous> (/usr/local/lib/node_modules/ynpm/node_modules/ynpm-registry-client/lib/request.js:422:7)
25 verbose stack     at Request.self.callback (/usr/local/lib/node_modules/ynpm/node_modules/request/request.js:121:22)
25 verbose stack     at Request.EventEmitter.emit (events.js:98:17)
25 verbose stack     at Request.<anonymous> (/usr/local/lib/node_modules/ynpm/node_modules/request/request.js:978:14)
25 verbose stack     at Request.EventEmitter.emit (events.js:117:20)
25 verbose stack     at IncomingMessage.<anonymous> (/usr/local/lib/node_modules/ynpm/node_modules/request/request.js:929:12)
25 verbose stack     at IncomingMessage.EventEmitter.emit (events.js:117:20)
25 verbose stack     at _stream_readable.js:919:16
25 verbose stack     at process._tickCallback (node.js:419:13)
26 verbose pkgid react-i13n-ga
27 verbose cwd /Users/kaesonho/works/react-i13n-ga
28 error Darwin 13.1.0
29 error argv "node" "/usr/local/bin/ynpm" "link" "react-i13n-ga"
30 error node v0.10.28
31 error npm -v 2.5.1
32 error ynpm -v 3.0.26
33 error code E404
34 error 404 'react-i13n-ga' is not in the ynpm whitelist.
34 error 404 You should submit a request to add it here:
34 error 404
34 error 404 http://ynpm-search.corp.yahoo.com/-/package/react-i13n-ga
35 verbose exit [ 1, true ]
